<?xml version="1.0" encoding="UTF-8"?>
<testng-results skipped="0" failed="0" ignored="0" total="1" passed="1">
  <reporter-output>
  </reporter-output>
  <suite name="Default suite" duration-ms="17037" started-at="2020-03-08T14:59:41Z" finished-at="2020-03-08T14:59:58Z">
    <groups>
    </groups>
    <test name="Default test" duration-ms="17037" started-at="2020-03-08T14:59:41Z" finished-at="2020-03-08T14:59:58Z">
      <class name="TestMavenPackage.ForMaven">
        <test-method status="PASS" signature="PageTest()[pri:0, instance:TestMavenPackage.ForMaven@6767c1fc]" name="PageTest" duration-ms="16971" started-at="2020-03-08T14:59:41Z" finished-at="2020-03-08T14:59:58Z">
          <reporter-output>
          </reporter-output>
        </test-method> <!-- PageTest -->
      </class> <!-- TestMavenPackage.ForMaven -->
    </test> <!-- Default test -->
  </suite> <!-- Default suite -->
</testng-results>
